92 File'('s')' nella Directory remota
---------------------------
AmuleAdunanza-Fedora.txt
Apache
Articolo-nuovo-BLOG-2012-20-09.txt
Articolo-nuovo-BLOG-2012-20-09.txt~
Documenti
Download
Download-FTP
Download-Mulo
ERRORE-Cron-SemprePresente.txt
Gambas
Gambas-trunk-rev4264
Gambas3-eseguibili
Giochi-Commodore
Gmail-poiuytre
Immagini
Immagini-ISO
Immagini-Wordpress
Mail
Modelli
Musica
PremiumChess
Progetti
Pubblici
Risposta-Office-Wine.txt
Risposta-Office-Wine.txt~
Risposta-poiuytre-mageia.txt
Risposta-poiuytre-mageia.txt~
Risposta-wireless-N-1000-centrino-Forum-Sabayon.txt
Scaricati
Scrivania
Startup-prima.txt
Storiella-Fidanzata-Moglie.ps
SweetHome3D-2.6
TEMP-wireshark
Tapbut.sh
Tapbutton.sh
Video-Film
WPA-PSK-Router_alice-Monfalcone.txt
audiodump.wav
backup
bin
blocco-siti-WIFI-Brugherio.txt
chroot-to-gentoo.sh
clone.out
comando_ftp.out
completa-svn.txt
example-menu.lst
google-earth
helloworld.py
isolinux.cfg
lamp.sh
lamp.sh~
manuale-BASH.txt
monta-lambrate-home-raga.sh
mp3
nautilus-debug-log.txt
ora_esatta-g3.sh
py-backup-2012-11-07
py-backup-2012-11-11
py-backup-2012-11-12-ore11
py-backup-2012-11-13
py-backup-26-10-2012
py-backup-29-10-2012
py-esempi
py0.020
py0.020.2012-11-16
py0.020.2012-11-17
py0.020.2012-11-21
py0.020.2012-11-23
py0.020.2012-11-26
py0.020.2012-11-28
risposta-sabayon-per-me.txt
risposta-sabayon-per-me.txt~
script1.py
script1.pyc
script2.py
settings.php
shabang.xoom.it-WordPress-config
silvietto
silvietto~
slitaz-02042012-flash4G
slitaz-4.0-Flash4G.img
slitaz-rolling.iso
smonta-lambrate-home-raga.sh
snapshot.png
startup
test.png
udev-chiavettaTV.txt
unita-nella-diversita.txt
unita-nella-diversita.txt~
vesamenu (copia).c32
vesamenu.c32
Directory remota cambiata in: /
